2020-06-02 00:33:30 INFO     正在baiduFlac中搜索 ――> 说好不哭...
2020-06-02 00:35:03 WARNING  无法在baiduFlac中搜索 ――> 说好不哭...
2020-06-02 00:35:03 INFO     正在kugou中搜索 ――> 说好不哭...
2020-06-02 00:35:05 WARNING  无法在kugou中搜索 ――> 说好不哭...
2020-06-02 00:35:05 INFO     正在kuwo中搜索 ――> 说好不哭...
2020-06-02 00:35:07 INFO     正在netease中搜索 ――> 说好不哭...
2020-06-02 00:35:21 INFO     正在qianqian中搜索 ――> 说好不哭...
2020-06-02 00:45:26 WARNING  无法在qianqian中搜索 ――> 说好不哭...
2020-06-02 00:45:26 INFO     正在qq中搜索 ――> 说好不哭...
2020-06-02 00:45:28 WARNING  无法在qq中搜索 ――> 说好不哭...
2020-06-02 00:45:28 INFO     正在migu中搜索 ――> 说好不哭...
2020-06-02 00:45:29 INFO     正在xiami中搜索 ――> 说好不哭...
2020-06-02 00:45:31 WARNING  无法在xiami中搜索 ――> 说好不哭...
2020-06-02 00:45:31 INFO     正在joox中搜索 ――> 说好不哭...
2020-06-02 00:45:33 WARNING  无法在joox中搜索 ――> 说好不哭...
2020-06-02 00:45:33 INFO     ByeBye...
2020-06-03 00:18:19 INFO     正在baiduFlac中搜索 ――> 说好不哭...
2020-06-03 00:18:21 INFO     正在kugou中搜索 ――> 说好不哭...
2020-06-03 00:18:23 WARNING  无法在kugou中搜索 ――> 说好不哭...
2020-06-03 00:18:23 INFO     正在kuwo中搜索 ――> 说好不哭...
2020-06-03 00:18:24 INFO     正在netease中搜索 ――> 说好不哭...
2020-06-03 00:18:37 INFO     正在qianqian中搜索 ――> 说好不哭...
2020-06-03 00:18:39 INFO     正在qq中搜索 ――> 说好不哭...
2020-06-03 00:18:41 WARNING  无法在qq中搜索 ――> 说好不哭...
2020-06-03 00:18:41 INFO     正在migu中搜索 ――> 说好不哭...
2020-06-03 00:18:42 INFO     正在xiami中搜索 ――> 说好不哭...
2020-06-03 00:18:44 WARNING  无法在xiami中搜索 ――> 说好不哭...
2020-06-03 00:18:44 INFO     正在joox中搜索 ――> 说好不哭...
2020-06-03 00:18:46 WARNING  无法在joox中搜索 ――> 说好不哭...
2020-06-03 00:18:58 INFO     正在从kuwo下载 ――> kuwo_说好不哭 (with 五月天阿信)...
2020-06-03 00:19:00 INFO     无法从kuwo下载 ――> kuwo_说好不哭 (with 五月天阿信)...
2020-06-03 00:20:15 INFO     正在baiduFlac中搜索 ――> 怪咖...
2020-06-03 00:20:17 INFO     正在kugou中搜索 ――> 怪咖...
2020-06-03 00:20:19 WARNING  无法在kugou中搜索 ――> 怪咖...
2020-06-03 00:20:19 INFO     正在kuwo中搜索 ――> 怪咖...
2020-06-03 00:20:21 INFO     正在netease中搜索 ――> 怪咖...
2020-06-03 00:20:35 INFO     正在qianqian中搜索 ――> 怪咖...
2020-06-03 00:20:36 INFO     正在qq中搜索 ――> 怪咖...
2020-06-03 00:20:38 WARNING  无法在qq中搜索 ――> 怪咖...
2020-06-03 00:20:38 INFO     正在migu中搜索 ――> 怪咖...
2020-06-03 00:20:39 INFO     正在xiami中搜索 ――> 怪咖...
2020-06-03 00:20:41 WARNING  无法在xiami中搜索 ――> 怪咖...
2020-06-03 00:20:41 INFO     正在joox中搜索 ――> 怪咖...
2020-06-03 00:20:43 WARNING  无法在joox中搜索 ――> 怪咖...
2020-06-03 00:20:50 INFO     正在从baiduFlac下载 ――> baiduFlac_哑巴...
2020-06-03 00:20:57 INFO     成功从baiduFlac下载到了 ――> baiduFlac_哑巴...
2020-06-09 22:46:19 INFO     正在baiduFlac中搜索 ――> 演员...
2020-06-09 22:46:21 INFO     正在kugou中搜索 ――> 演员...
2020-06-09 22:46:23 WARNING  无法在kugou中搜索 ――> 演员...
2020-06-09 22:46:23 INFO     正在kuwo中搜索 ――> 演员...
2020-06-09 22:46:25 INFO     正在netease中搜索 ――> 演员...
2020-06-09 22:46:35 WARNING  无法在netease中搜索 ――> 演员...
2020-06-09 22:46:35 INFO     正在qianqian中搜索 ――> 演员...
2020-06-09 22:46:40 INFO     正在qq中搜索 ――> 演员...
2020-06-09 22:46:42 WARNING  无法在qq中搜索 ――> 演员...
2020-06-09 22:46:42 INFO     正在migu中搜索 ――> 演员...
2020-06-09 22:46:43 INFO     正在xiami中搜索 ――> 演员...
2020-06-09 22:46:45 WARNING  无法在xiami中搜索 ――> 演员...
2020-06-09 22:46:45 INFO     正在joox中搜索 ――> 演员...
2020-06-09 22:46:47 WARNING  无法在joox中搜索 ――> 演员...
2020-06-09 22:47:01 INFO     正在从baiduFlac下载 ――> baiduFlac_演员...
2020-06-09 22:47:08 INFO     成功从baiduFlac下载到了 ――> baiduFlac_演员...
2020-06-12 23:50:49 INFO     正在baiduFlac中搜索 ――> 演员...
2020-06-12 23:50:51 INFO     正在kugou中搜索 ――> 演员...
2020-06-12 23:50:54 WARNING  无法在kugou中搜索 ――> 演员...
2020-06-12 23:50:54 INFO     正在kuwo中搜索 ――> 演员...
2020-06-12 23:50:55 INFO     正在netease中搜索 ――> 演员...
2020-06-12 23:51:00 WARNING  无法在netease中搜索 ――> 演员...
2020-06-12 23:51:00 INFO     正在qianqian中搜索 ――> 演员...
2020-06-12 23:51:02 INFO     正在qq中搜索 ――> 演员...
2020-06-12 23:51:04 WARNING  无法在qq中搜索 ――> 演员...
2020-06-12 23:51:04 INFO     正在migu中搜索 ――> 演员...
2020-06-12 23:51:05 INFO     正在xiami中搜索 ――> 演员...
2020-06-12 23:51:07 WARNING  无法在xiami中搜索 ――> 演员...
2020-06-12 23:51:07 INFO     正在joox中搜索 ――> 演员...
2020-06-12 23:51:09 WARNING  无法在joox中搜索 ――> 演员...
2020-06-12 23:52:32 INFO     正在从baiduFlac下载 ――> baiduFlac_演员...
2020-06-12 23:52:32 INFO     无法从baiduFlac下载 ――> baiduFlac_演员...
2020-06-12 23:52:45 INFO     正在baiduFlac中搜索 ――> 演员...
2020-06-12 23:52:47 INFO     正在kugou中搜索 ――> 演员...
2020-06-12 23:52:49 WARNING  无法在kugou中搜索 ――> 演员...
2020-06-12 23:52:49 INFO     正在kuwo中搜索 ――> 演员...
2020-06-12 23:52:51 INFO     正在netease中搜索 ――> 演员...
2020-06-12 23:52:57 WARNING  无法在netease中搜索 ――> 演员...
2020-06-12 23:52:57 INFO     正在qianqian中搜索 ――> 演员...
2020-06-12 23:52:58 INFO     正在qq中搜索 ――> 演员...
2020-06-12 23:53:00 WARNING  无法在qq中搜索 ――> 演员...
2020-06-12 23:53:00 INFO     正在migu中搜索 ――> 演员...
2020-06-12 23:53:01 INFO     正在xiami中搜索 ――> 演员...
2020-06-12 23:53:03 WARNING  无法在xiami中搜索 ――> 演员...
2020-06-12 23:53:03 INFO     正在joox中搜索 ――> 演员...
2020-06-12 23:53:05 WARNING  无法在joox中搜索 ――> 演员...
2020-06-12 23:53:38 INFO     正在从qianqian下载 ――> qianqian_演员...
2020-06-12 23:53:38 INFO     无法从qianqian下载 ――> qianqian_演员...
2020-06-12 23:54:14 INFO     正在baiduFlac中搜索 ――> 方圆几里...
2020-06-12 23:54:16 INFO     正在kugou中搜索 ――> 方圆几里...
2020-06-12 23:54:19 WARNING  无法在kugou中搜索 ――> 方圆几里...
2020-06-12 23:54:19 INFO     正在kuwo中搜索 ――> 方圆几里...
2020-06-12 23:54:20 INFO     正在netease中搜索 ――> 方圆几里...
2020-06-12 23:54:41 INFO     正在qianqian中搜索 ――> 方圆几里...
2020-06-12 23:54:42 INFO     正在qq中搜索 ――> 方圆几里...
2020-06-12 23:54:44 WARNING  无法在qq中搜索 ――> 方圆几里...
2020-06-12 23:54:44 INFO     正在migu中搜索 ――> 方圆几里...
2020-06-12 23:54:45 INFO     正在xiami中搜索 ――> 方圆几里...
2020-06-12 23:54:47 WARNING  无法在xiami中搜索 ――> 方圆几里...
2020-06-12 23:54:47 INFO     正在joox中搜索 ――> 方圆几里...
2020-06-12 23:54:49 WARNING  无法在joox中搜索 ――> 方圆几里...
2020-06-12 23:55:00 INFO     正在从baiduFlac下载 ――> baiduFlac_方圆几里...
2020-06-12 23:55:19 INFO     成功从baiduFlac下载到了 ――> baiduFlac_方圆几里...
2020-06-13 00:03:14 INFO     正在baiduFlac中搜索 ――> Mojito...
2020-06-13 00:03:16 INFO     正在kugou中搜索 ――> Mojito...
2020-06-13 00:03:18 WARNING  无法在kugou中搜索 ――> Mojito...
2020-06-13 00:03:18 INFO     正在kuwo中搜索 ――> Mojito...
2020-06-13 00:03:21 INFO     正在netease中搜索 ――> Mojito...
2020-06-13 00:03:32 INFO     正在qianqian中搜索 ――> Mojito...
2020-06-13 00:03:34 INFO     正在qq中搜索 ――> Mojito...
2020-06-13 00:03:36 WARNING  无法在qq中搜索 ――> Mojito...
2020-06-13 00:03:36 INFO     正在migu中搜索 ――> Mojito...
2020-06-13 00:03:37 INFO     正在xiami中搜索 ――> Mojito...
2020-06-13 00:03:39 WARNING  无法在xiami中搜索 ――> Mojito...
2020-06-13 00:03:39 INFO     正在joox中搜索 ――> Mojito...
2020-06-13 00:03:41 WARNING  无法在joox中搜索 ――> Mojito...
2020-06-13 00:04:06 INFO     正在从migu下载 ――> migu_Mojito...
2020-06-13 00:04:08 INFO     无法从migu下载 ――> migu_Mojito...
2020-07-06 23:38:08 INFO     正在baiduFlac中搜索 ――> 七里香...
2020-07-06 23:38:11 INFO     正在kugou中搜索 ――> 七里香...
2020-07-06 23:38:13 WARNING  无法在kugou中搜索 ――> 七里香...
2020-07-06 23:38:13 INFO     正在kuwo中搜索 ――> 七里香...
2020-07-06 23:38:14 INFO     正在netease中搜索 ――> 七里香...
2020-07-06 23:38:26 INFO     正在qianqian中搜索 ――> 七里香...
2020-07-06 23:38:28 INFO     正在qq中搜索 ――> 七里香...
2020-07-06 23:38:30 WARNING  无法在qq中搜索 ――> 七里香...
2020-07-06 23:38:30 INFO     正在migu中搜索 ――> 七里香...
2020-07-06 23:38:30 INFO     正在xiami中搜索 ――> 七里香...
2020-07-06 23:38:32 WARNING  无法在xiami中搜索 ――> 七里香...
2020-07-06 23:38:32 INFO     正在joox中搜索 ――> 七里香...
2020-07-06 23:38:35 WARNING  无法在joox中搜索 ――> 七里香...
2020-07-06 23:38:50 INFO     正在从kuwo下载 ――> kuwo_七里香...
2020-07-06 23:38:52 INFO     无法从kuwo下载 ――> kuwo_七里香...
2020-07-06 23:38:56 INFO     正在baiduFlac中搜索 ――> ...
2020-07-06 23:38:56 WARNING  无法在baiduFlac中搜索 ――> ...
2020-07-06 23:38:56 INFO     正在kugou中搜索 ――> ...
2020-07-06 23:38:59 WARNING  无法在kugou中搜索 ――> ...
2020-07-06 23:38:59 INFO     正在kuwo中搜索 ――> ...
2020-07-06 23:38:59 WARNING  无法在kuwo中搜索 ――> ...
2020-07-06 23:38:59 INFO     正在netease中搜索 ――> ...
2020-07-06 23:39:01 WARNING  无法在netease中搜索 ――> ...
2020-07-06 23:39:01 INFO     正在qianqian中搜索 ――> ...
2020-07-06 23:39:01 WARNING  无法在qianqian中搜索 ――> ...
2020-07-06 23:39:01 INFO     正在qq中搜索 ――> ...
2020-07-06 23:39:03 WARNING  无法在qq中搜索 ――> ...
2020-07-06 23:39:03 INFO     正在migu中搜索 ――> ...
2020-07-06 23:39:03 WARNING  无法在migu中搜索 ――> ...
2020-07-06 23:39:03 INFO     正在xiami中搜索 ――> ...
2020-07-06 23:39:05 WARNING  无法在xiami中搜索 ――> ...
2020-07-06 23:39:05 INFO     正在joox中搜索 ――> ...
2020-07-06 23:39:07 WARNING  无法在joox中搜索 ――> ...
2020-07-06 23:39:32 INFO     正在baiduFlac中搜索 ――> 演员...
2020-07-06 23:39:34 INFO     正在kugou中搜索 ――> 演员...
2020-07-06 23:39:36 WARNING  无法在kugou中搜索 ――> 演员...
2020-07-06 23:39:36 INFO     正在kuwo中搜索 ――> 演员...
2020-07-06 23:39:37 INFO     正在netease中搜索 ――> 演员...
2020-07-06 23:39:45 WARNING  无法在netease中搜索 ――> 演员...
2020-07-06 23:39:45 INFO     正在qianqian中搜索 ――> 演员...
2020-07-06 23:39:47 INFO     正在qq中搜索 ――> 演员...
2020-07-06 23:39:49 WARNING  无法在qq中搜索 ――> 演员...
2020-07-06 23:39:49 INFO     正在migu中搜索 ――> 演员...
2020-07-06 23:39:49 INFO     正在xiami中搜索 ――> 演员...
2020-07-06 23:39:51 WARNING  无法在xiami中搜索 ――> 演员...
2020-07-06 23:39:51 INFO     正在joox中搜索 ――> 演员...
2020-07-06 23:39:53 WARNING  无法在joox中搜索 ――> 演员...
2020-07-06 23:40:01 INFO     正在从baiduFlac下载 ――> baiduFlac_演员...
2020-07-06 23:40:01 INFO     无法从baiduFlac下载 ――> baiduFlac_演员...
2020-07-06 23:40:18 INFO     正在baiduFlac中搜索 ――> 演员...
2020-07-06 23:40:19 INFO     正在kugou中搜索 ――> 演员...
2020-07-06 23:40:21 WARNING  无法在kugou中搜索 ――> 演员...
2020-07-06 23:40:21 INFO     正在kuwo中搜索 ――> 演员...
2020-07-06 23:40:23 INFO     正在netease中搜索 ――> 演员...
2020-07-06 23:40:30 WARNING  无法在netease中搜索 ――> 演员...
2020-07-06 23:40:30 INFO     正在qianqian中搜索 ――> 演员...
2020-07-06 23:40:31 INFO     正在qq中搜索 ――> 演员...
2020-07-06 23:40:33 WARNING  无法在qq中搜索 ――> 演员...
2020-07-06 23:40:33 INFO     正在migu中搜索 ――> 演员...
2020-07-06 23:40:34 INFO     正在xiami中搜索 ――> 演员...
2020-07-06 23:40:36 WARNING  无法在xiami中搜索 ――> 演员...
2020-07-06 23:40:36 INFO     正在joox中搜索 ――> 演员...
2020-07-06 23:40:38 WARNING  无法在joox中搜索 ――> 演员...
2020-07-06 23:40:41 INFO     正在从baiduFlac下载 ――> baiduFlac_演员...
2020-07-06 23:40:41 INFO     无法从baiduFlac下载 ――> baiduFlac_演员...
2020-07-06 23:41:03 INFO     正在baiduFlac中搜索 ――> 演员...
2020-07-06 23:41:04 INFO     正在kugou中搜索 ――> 演员...
2020-07-06 23:41:06 WARNING  无法在kugou中搜索 ――> 演员...
2020-07-06 23:41:06 INFO     正在kuwo中搜索 ――> 演员...
2020-07-06 23:41:08 INFO     正在netease中搜索 ――> 演员...
2020-07-06 23:41:14 WARNING  无法在netease中搜索 ――> 演员...
2020-07-06 23:41:14 INFO     正在qianqian中搜索 ――> 演员...
2020-07-06 23:41:15 INFO     正在qq中搜索 ――> 演员...
2020-07-06 23:41:17 WARNING  无法在qq中搜索 ――> 演员...
2020-07-06 23:41:17 INFO     正在migu中搜索 ――> 演员...
2020-07-06 23:41:18 INFO     正在xiami中搜索 ――> 演员...
2020-07-06 23:41:20 WARNING  无法在xiami中搜索 ――> 演员...
2020-07-06 23:41:20 INFO     正在joox中搜索 ――> 演员...
2020-07-06 23:41:22 WARNING  无法在joox中搜索 ――> 演员...
2020-07-06 23:41:33 INFO     正在从qianqian下载 ――> qianqian_演员...
2020-07-06 23:41:33 INFO     无法从qianqian下载 ――> qianqian_演员...
2020-07-06 23:42:09 INFO     正在baiduFlac中搜索 ――> 方圆几里...
2020-07-06 23:42:11 INFO     正在kugou中搜索 ――> 方圆几里...
2020-07-06 23:42:14 WARNING  无法在kugou中搜索 ――> 方圆几里...
2020-07-06 23:42:14 INFO     正在kuwo中搜索 ――> 方圆几里...
2020-07-06 23:42:16 INFO     正在netease中搜索 ――> 方圆几里...
2020-07-06 23:42:29 INFO     正在qianqian中搜索 ――> 方圆几里...
2020-07-06 23:42:31 INFO     正在qq中搜索 ――> 方圆几里...
2020-07-06 23:42:33 WARNING  无法在qq中搜索 ――> 方圆几里...
2020-07-06 23:42:33 INFO     正在migu中搜索 ――> 方圆几里...
2020-07-06 23:42:33 INFO     正在xiami中搜索 ――> 方圆几里...
2020-07-06 23:42:35 WARNING  无法在xiami中搜索 ――> 方圆几里...
2020-07-06 23:42:35 INFO     正在joox中搜索 ――> 方圆几里...
2020-07-06 23:42:37 WARNING  无法在joox中搜索 ――> 方圆几里...
2020-07-06 23:42:43 INFO     正在从baiduFlac下载 ――> baiduFlac_方圆几里...
2020-07-06 23:42:46 INFO     成功从baiduFlac下载到了 ――> baiduFlac_方圆几里...
2020-07-06 23:58:21 INFO     正在baiduFlac中搜索 ――> 方圆几里...
2020-07-06 23:59:03 INFO     正在kugou中搜索 ――> 方圆几里...
2020-07-06 23:59:05 WARNING  无法在kugou中搜索 ――> 方圆几里...
2020-07-06 23:59:05 INFO     正在kuwo中搜索 ――> 方圆几里...
2020-07-06 23:59:06 INFO     正在netease中搜索 ――> 方圆几里...
2020-07-06 23:59:19 INFO     正在qianqian中搜索 ――> 方圆几里...
2020-07-06 23:59:21 INFO     正在qq中搜索 ――> 方圆几里...
2020-07-06 23:59:23 WARNING  无法在qq中搜索 ――> 方圆几里...
2020-07-06 23:59:23 INFO     正在migu中搜索 ――> 方圆几里...
2020-07-06 23:59:23 INFO     正在xiami中搜索 ――> 方圆几里...
2020-07-06 23:59:25 WARNING  无法在xiami中搜索 ――> 方圆几里...
2020-07-06 23:59:25 INFO     正在joox中搜索 ――> 方圆几里...
2020-07-06 23:59:28 WARNING  无法在joox中搜索 ――> 方圆几里...
2020-07-06 23:59:28 INFO     正在baiduFlac中搜索 ――> ...
2020-07-06 23:59:28 WARNING  无法在baiduFlac中搜索 ――> ...
2020-07-06 23:59:28 INFO     正在kugou中搜索 ――> ...
2020-07-06 23:59:30 WARNING  无法在kugou中搜索 ――> ...
2020-07-06 23:59:30 INFO     正在kuwo中搜索 ――> ...
2020-07-06 23:59:30 WARNING  无法在kuwo中搜索 ――> ...
2020-07-06 23:59:30 INFO     正在netease中搜索 ――> ...
2020-07-06 23:59:33 WARNING  无法在netease中搜索 ――> ...
2020-07-06 23:59:33 INFO     正在qianqian中搜索 ――> ...
2020-07-06 23:59:33 WARNING  无法在qianqian中搜索 ――> ...
2020-07-06 23:59:33 INFO     正在qq中搜索 ――> ...
2020-07-06 23:59:35 WARNING  无法在qq中搜索 ――> ...
2020-07-06 23:59:35 INFO     正在migu中搜索 ――> ...
2020-07-06 23:59:35 WARNING  无法在migu中搜索 ――> ...
2020-07-06 23:59:35 INFO     正在xiami中搜索 ――> ...
2020-07-06 23:59:37 WARNING  无法在xiami中搜索 ――> ...
2020-07-06 23:59:37 INFO     正在joox中搜索 ――> ...
2020-07-06 23:59:39 WARNING  无法在joox中搜索 ――> ...
2020-07-07 00:00:43 INFO     正在baiduFlac中搜索 ――> 方圆几里...
2020-07-07 00:00:45 INFO     正在kugou中搜索 ――> 方圆几里...
2020-07-07 00:00:47 WARNING  无法在kugou中搜索 ――> 方圆几里...
2020-07-07 00:00:47 INFO     正在kuwo中搜索 ――> 方圆几里...
2020-07-07 00:00:48 INFO     正在netease中搜索 ――> 方圆几里...
2020-07-07 00:01:01 INFO     正在qianqian中搜索 ――> 方圆几里...
2020-07-07 00:01:03 INFO     正在qq中搜索 ――> 方圆几里...
2020-07-07 00:01:05 WARNING  无法在qq中搜索 ――> 方圆几里...
2020-07-07 00:01:05 INFO     正在migu中搜索 ――> 方圆几里...
2020-07-07 00:01:05 INFO     正在xiami中搜索 ――> 方圆几里...
2020-07-07 00:01:07 WARNING  无法在xiami中搜索 ――> 方圆几里...
2020-07-07 00:01:07 INFO     正在joox中搜索 ――> 方圆几里...
2020-07-07 00:01:09 WARNING  无法在joox中搜索 ――> 方圆几里...
2020-07-07 00:01:30 INFO     正在baiduFlac中搜索 ――> 方圆几里...
2020-07-07 00:01:31 INFO     正在kugou中搜索 ――> 方圆几里...
2020-07-07 00:01:33 WARNING  无法在kugou中搜索 ――> 方圆几里...
2020-07-07 00:01:33 INFO     正在kuwo中搜索 ――> 方圆几里...
2020-07-07 00:01:34 INFO     正在netease中搜索 ――> 方圆几里...
2020-07-07 00:01:51 INFO     正在qianqian中搜索 ――> 方圆几里...
2020-07-07 00:01:53 INFO     正在qq中搜索 ――> 方圆几里...
2020-07-07 00:01:55 WARNING  无法在qq中搜索 ――> 方圆几里...
2020-07-07 00:01:55 INFO     正在migu中搜索 ――> 方圆几里...
2020-07-07 00:01:55 INFO     正在xiami中搜索 ――> 方圆几里...
2020-07-07 00:01:57 WARNING  无法在xiami中搜索 ――> 方圆几里...
2020-07-07 00:01:57 INFO     正在joox中搜索 ――> 方圆几里...
2020-07-07 00:01:59 WARNING  无法在joox中搜索 ――> 方圆几里...
2020-07-07 00:03:09 INFO     正在baiduFlac中搜索 ――> 方圆几里...
2020-07-07 00:03:11 INFO     正在kugou中搜索 ――> 方圆几里...
2020-07-07 00:03:13 WARNING  无法在kugou中搜索 ――> 方圆几里...
2020-07-07 00:03:13 INFO     正在kuwo中搜索 ――> 方圆几里...
2020-07-07 00:03:14 INFO     正在netease中搜索 ――> 方圆几里...
2020-07-07 00:03:28 INFO     正在qianqian中搜索 ――> 方圆几里...
2020-07-07 00:03:30 INFO     正在qq中搜索 ――> 方圆几里...
2020-07-07 00:03:32 WARNING  无法在qq中搜索 ――> 方圆几里...
2020-07-07 00:03:32 INFO     正在migu中搜索 ――> 方圆几里...
2020-07-07 00:03:33 INFO     正在xiami中搜索 ――> 方圆几里...
2020-07-07 00:03:35 WARNING  无法在xiami中搜索 ――> 方圆几里...
2020-07-07 00:03:35 INFO     正在joox中搜索 ――> 方圆几里...
2020-07-07 00:03:37 WARNING  无法在joox中搜索 ――> 方圆几里...
2020-07-07 00:03:59 INFO     正在从baiduFlac下载 ――> baiduFlac_方圆几里...
2020-07-07 00:04:01 INFO     成功从baiduFlac下载到了 ――> baiduFlac_方圆几里...
